0 silly argv {
0 silly argv   _: [ 'run' ],
0 silly argv   lernaVersion: '5.4.3',
0 silly argv   '$0': '/home/alex/Документы/yandex/Guardian-of-the-Galaxy/node_modules/.bin/lerna',
0 silly argv   script: 'dev'
0 silly argv }
1 notice cli v5.4.3
2 verbose rootPath /home/alex/Документы/yandex/Guardian-of-the-Galaxy
3 error JSONError: Unexpected token "}" (0x7D) in JSON at position 620 while parsing near "...t-mock\": \"9.6.9\",\n  },\n  \"devDependencie..." in packages/client/package.json
3 error
3 error [0m [90m 21 |[39m     [32m"standardized-audio-context"[39m[33m:[39m [32m"25.3.37"[39m[33m,[39m[0m
3 error [0m [90m 22 |[39m     [32m"standardized-audio-context-mock"[39m[33m:[39m [32m"9.6.9"[39m[33m,[39m[0m
3 error [0m[31m[1m>[22m[39m[90m 23 |[39m   }[33m,[39m[0m
3 error [0m [90m    |[39m   [31m[1m^[22m[39m[0m
3 error [0m [90m 24 |[39m   [32m"devDependencies"[39m[33m:[39m {[0m
3 error [0m [90m 25 |[39m     [32m"@testing-library/react"[39m[33m:[39m [32m"13.3.0"[39m[33m,[39m[0m
3 error [0m [90m 26 |[39m     [32m"@types/jest"[39m[33m:[39m [32m"28.1.8"[39m[33m,[39m[0m
3 error
3 error     at parseJson (/home/alex/Документы/yandex/Guardian-of-the-Galaxy/node_modules/parse-json/index.js:29:21)
3 error     at parse (/home/alex/Документы/yandex/Guardian-of-the-Galaxy/node_modules/load-json-file/index.js:15:9)
3 error     at module.exports (/home/alex/Документы/yandex/Guardian-of-the-Galaxy/node_modules/load-json-file/index.js:18:47)
